[   .00000Inialinggrup ssycpuset[    0000] Itiizng cgrp bsyspu[   .000] Initling coususycpact
[  0.0000 Linuxersion4.0-34-generic (buildd@lgw01-amd64-033) (gcc version 5.4.0 20160609 (Ubuntu 5.4.0-6ubuntu1~16.04.10) ) #160-Ubuntu SMP Wed Aug 15 14:58:00 UTC 2018 (Ubuntu 4.4.0-134.160-generic 4.4.140)
[    0.000000] Command line: BOOT_IMAGE=/boot/vmlinuz-4.4.0-134-generic root=UUID=86a60005e-414-6792db348e r conoltt1 coso=tS0
[   00000]ERL upportd us
[   0.00]   InelGeineIntl   0.000]  AMDutntcAMD
  0.00000]  ntr Centurul
[   0.000000] x86/fpu: xstate_offset[2]: 576 xtate_sze2]  25
[  .00000] 6/pu: uporin XSAVE feature 0x01: 'x87 floating point registers'
[    0.000000] x86/fpu: Supporting XSAVE feature 0x02: 'SSE registers'
[    0.000000] x86/fpu: Supporting XSAVE feature 0x04: 'AVX registers'
[    0.000000] x86/fpu: Enabled xstate features 0x7, context size is 832 bytes, using 'standard' format.
[    0.000000] e820: BIOS-provided physical RAM map:
[    0.000000] BIOS-e820: [mem 0x0000000000000000-0x00000000009fbff ubl
[   .0000] BIOS-e820: [mem 0x000000000009fc00-0x000000000009ffff] reserved
[   0.000] BIOS-82: me 0x00000000000f0000-0x00000000000fffff] reserved
[   00000] BIOS-e80:[mm 0x000000100000x00000fffff] uab
    0000] BIOS-e820: [mem 0x000000003fff0000-0x000000003fffff AI ta
    0.0000BIOS-e20[mm 0x00000fc00000x000000fec00ffreerved[  0.00000 BOS-e0:mem 000000fee0000-00000000e0ff] seved
[   0.000] BIOe80: [me0x0000ff000-x0000fffff rserv
   0.000] X (Ecue sable)precion:acve
[   00000] BI 25 present.
[    0.000000] Hypervisor detected: KVM
[    0.000000] e820: last_pfn = 0x3fff0 max_arch_pfn = 0x400000000
[    0.000000] MTRR: Disabled
[    0.000000] x86/PAT: MTRRs disabled, skipping PAT initialization too.
[    0.000000] CPU MTRRs all blank - virtualized system.
[    0.000000] x86/PAT: Configuration [0-7]: WB  WT  UC- UC  WB  WT  UC- UC  
[    0.000000] found SMP MP-table at [mem 0x0009fff0-0x0009ffff] mapped at [ffff88000009fff0]
[    .0000] Scanig  aeas for low memory corruption
[    0.000000] RAMDISK: [mem 0x361ec000-0x370edfff]
[    0.000000] ACPI: Early table checksum verification disabled
[    0.000000] ACPI: RSDP 0x00000000000E0000 000024 (v02 VBOX  )
[    0.000000] ACPI: XSDT 0x000000003FFF0030 00003C (v01 VBOX   VBOXXSDT 00000001 ASL  00000061)
[    0.000000] ACPI: FACP 0x000000003FFF00F0 0000F4 (v04 VBOX   VBOXFACP 00000001 ASL  00000061)
[    0.000000] ACPI: DSDT 0x000000003FFF0470 0021FF (v02 VBOX   VBOXBIOS 00000002 INTL 20180105)
[    0.000000] ACPI: FACS 0x000000003FFF0200 000040
[    0.000000] ACPI: FACS 0x000000003FFF0200 000040
[    0.000000] ACPI: APIC 0x000000003FFF0240 00005C (v02 VBOX   VBOXAPIC 00000001 ASL  00000061)
[    0.000000] ACPI: SSDT 0x000000003FFF02A0 0001CC (v01 VBOX   VBOXCPUT 00000002 INTL 20180105)
[    0.000000] No NUMA configuration found
[    0.000000] Faking a node at [mem 0x0000000000000000-0x000000003ffeffff]
[    0.000000] NODE_DATA(0) allocated [mem 0x3ffeb000-0x3ffeffff]
[    0.000000] kvm-clock: Using msrs 4b564d01 and 4b564d00
[    0.000000] kv-cck cpu , r :3ffe31,rimay pulock
[  000000] kvm-clock: using sched offset of 3158305732 cycles
[    0.000000] clocksource: kvm-clock: mask: 0xffffffffffffffff max_cycles: 0x1cd42e4dffb, max_idles:88155983 n
[  .0000]one ranges:
[    0.000000]   DMA      [mem 0x0000000000001000-0x0000000000ffffff]
[    0.000000]   DMA32    [mem 0x0000000001000000-0x000000003ffeffff]
[    0.000000]   Normal   empty
[    0.000000]   Device   empty
[    0.000000] Movable zone start for each node
[    0.000000] Early memory node ranges
[    0.000000]   node   0: [mem 0x0000000000001000-0x000000000009efff]
[    0.000000]   node   0: [mem 0x0000000000100000-0x000000003ffeffff]
[    0.000000] Initmem setup node 0 [mem 0x0000000000001000-0x000000003ffeffff]
[    0.000000] ACPI: PM-Timer IO Port: 0x4008
[    0.000000] IOAPIC[0]: apic_id 2, version 32, address 0xfec00000, GSI 0-23
[    0.000000] ACPI: INT_SRC_OVR (bus 0 bus_irq 0 global_irq 2 dfl dfl)
[    0.000000] ACPI: INT_SRC_OVR (bus 0 bus_irq 9 glooal_irq9 owleel)
[  00000] UsngCP (MADT f SP confgutin inrmio
[   00000] spbt:Alloin2 PUs, 0 htpg CPUs[   0.000000] PM: Registered nosave memory: [mem 0x00000000-0x00000fff]
[    0.000000] PM: Registered nosave memory: [mem 0x0009f000-0x0009ffff]
[    0.000000] PM: Registered nosave memory: [mm x000000x000eff
    0.0000 P: Rested nosave memory: [mem 0x000f0000-0x000fffff]
[   .00000 e820:[mem 0x4000-0xbfff avaab forCIevces
[  0000] otng parvituizederl n KVM
[  .0000]lockur: efin-jfiesma: xfffffmax_cl: xfffffff, x_idle_n 755190215 ns
[  .00000sep_pepuNRCPUS12r_cpasbis:51 ncp_ids2 _ne_ids:
  0.0000PECPU: Ebeed34 pgecp@ffff800c0000 994 192 d328104876[   0.00000] PV qspinlock hash table entries: 256 (order: 0, 4096 bytes)
[    0.000000] Built 1 zonelists in Node order, mobility grouping on.  Total pages: 257912
[    0.000000] Policy zone: DMA32
[    0.000000] Kernel command line: BOOT_IMAGE=/boot/vmlinuz-4.4.0-134-generic root=UUID=86a66005-05be-4164-9f67-92db034d8e6b ro console=tty1 console=ttyS0
[    0.000000] PID hash table entries: 4096 (order: 3, 32768 bytes)
[    0.000000] Memory: 997148K/1048120K available (8554K kernel code, 1314K rwdata, 4004K rodata, 1516K init, 1316K bss, 50972K reserved, 0K cma-reserved)
[    0.000000] SLUB: HWalign=64, Order=0-3, MinObjects=0, CPUs=2, Nodes=1
[    0.000000] Kernel/User page tables isolation: enabled
[    0.000000] Hierarchical RCU implementation.
[    0.000000] 	Build-time adjustment of leaf fanout to 64.
[    0.000000] 	RCU restricting CPUs from NR_CPUS=512 to nr_cpu_ids=2.
[    0.000000] RCU: Adjusting geometry for rcu_fanout_leaf=64, nr_cpu_ids=2
[    0.000000] NR_IRQS:33024 nr_irqs:440 16
[    0.000000] Console: colour VGA+ 80x25
[    0.000000] console [tty1] enabled
[    0.000000] console [ttyS0] enabled
[    0.000000] tsc: Detected 2904.000 MHz processor
[    7.703927] Calibrating delay loop (skipped) preset value.. 5808.00 BogoMIPS (lpj=11616000)
[    7.705303]id_max: default: 32768 minimum: 301
[    7.726687] ACPI: Core revision 20150930
[    7.728117] ACPI: 2 ACPI AML tables successfully acquired and loaded
[    7.839354] Security Framework initialized
[    7.953676] Yama: becoming mindful.
[    7.954301] AppArmor: AppArmor initialized
[    7.955028] Dentry cache hash table entries: 131072 (order: 8, 1048576 bytes)
[    7.956565] Inode-cache hash table entries: 65536 (order: 7, 524288 bytes)
[    7.975468] Mount-cache hash table entries: 2048 (order: 2, 16384 bytes)
[    7.976467] Mountpoint-cache hash table entries: 2048 (order: 2, 16384 bytes)
[    7.977634] Initializing cgroup subsys io
[    7.978307] Initializing cgroup subsys memory
[    7.979007] Initializing cgroup subsys devices
[    7.979714] Initializing cgroup subsys freezer
[    7.980448] Initializing cgroup subsys net_cls
[    7.981162] Initializing cgroup subsys perf_event
[    7.981897] Initializing cgroup subsys net_prio
[    7.982612] Initializing cgroup subsys hugetlb
[    7.983319] Initializing cgroup subsys pids
[    7.985613] mce: CPU supports 0 MCE banks
[    7.986285] Last level iTLB entries: 4KB 64, 2MB 8, 4MB 8
[    7.987098] Last level dTLB entries: 4KB 64, 2MB 0, 4MB 0, 1GB 4
[    7.987983] Spectre V2 : Mitigation: Full generic retpoline
[    7.988822] Spectre V2 : Speculation control IBPB not-supported IBRS not-supported
[    8.071976] Spectre V2 : Filling RSB on context switch
[    8.219959] Speculative Store Bypass: Vulnerable
[    8.222671] Freeing SMP alternatives memory: 32K
[    8.229906] ftrace: allocating 32266 entries in 127 pages
[    8.279447] smpboot: APIC(0) Converting physical 0 to logical package 0
[    8.412517] smpboot: Max logical packages: 1
[    8.524456] x2apic enabled
[    8.525158] Switched APIC routing to physical x2apic.
[    8.526851] ..TIMER: vector=0x30 apic1=0 pin1=2 apic2=-1 pin2=-1
[    8.635535] smpboot: CPU0: Intel(R) Core(TM) i7-7500U CPU @ 2.70GHz (family: 0x6, model: 0x8e, stepping: 0x9)
[    8.868061] Performance Events: unsupported p6 CPU model 142 no PMU driver, software events only.
[    9.069377] KVM setup paravirtual spinlock
[    9.160465] x86: Booting SMP configuration:
[    9.233676] .... node  #0, CPUs:      #1
[    9.290330] kvm-clock: cpu 1, msr 0:3ffe3041, secondary cpu clock
[    9.295468] mce: CPU supports 0 MCE banks
[    9.297892] x86: Booted up 1 node, 2 CPUs
[    9.366806] smpboot: Total of 2 processors activated (11616.00 BogoMIPS)
[    9.532761] devtmpfs: initialized
[    9.547868] evm: security.selinux
[    9.610468] evm: security.SMACK64
[    9.681037] evm: security.SMACK64EXEC
[    9.775580] evm: security.SMACK64TRANSMUTE
[    9.850307] evm: security.SMACK64MMAP
[    9.882022] evm: security.ima
[    9.908294] evm: security.capability
[    9.940905] clocksource: jiffies: mask: 0xffffffff max_cycles: 0xffffffff, max_idle_ns: 7645041785100000 ns
[    9.999860] futex hash table entries: 512 (order: 3, 32768 bytes)
[   10.000800] pinctrl core: initialized pinctrl subsystem
[   10.007857] RTC time: 14:28:57, date: 08/25/18
[   10.008626] NET: Registered protocol family 16
[   10.019970] cpuidle: using governor ladder
[   10.043662] cpuidle: using governor menu
[   10.092381] PCCT header not found.
[   10.154099] ACPI: bus type PCI registered
[   10.212643] acpiphp: ACPI Hot Plug PCI Controller Driver version: 0.5
[   10.322934] PCI: Using configuration type 1 for base access
[   10.401405] ACPI: Added _OSI(Module Device)
[   10.447730] ACPI: Added _OSI(Processor Device)
[   10.504492] ACPI: Added _OSI(3.0 _SCP Extensions)
[   10.551680] ACPI: Added _OSI(Processor Aggregator Device)
[   10.607700] ACPI: Executed 1 blocks of module-level executable AML code
[   10.707708] ACPI: Interpreter enabled
[   10.756112] ACPI: (supports S0 S5)
[   10.784719] ACPI: Using IOAPIC for interrupt routing
[   10.785648] PCI: Using host bridge windows from ACPI; if necessary, use "pci=nocrs" and report a bug
[   10.789771] ACPI: PCI Root Bridge [PCI0] (domain 0000 [bus 00-ff])
[   10.790693] acpi PNP0A03:00: _OSC: OS supports [ASPM ClockPM Segments MSI]
[   10.791683] acpi PNP0A03:00: _OSC: not requesting OS control; OS requires [ExtendedConfig ASPM ClockPM MSI]
[   10.852540] acpi PNP0A03:00: fail to add MMCONFIG information, can't access extended PCI configuration space under this bridge.
[   10.952544] PCI host bridge to bus 0000:00
[   10.990354] pci_bus 0000:00: root bus resource [io  0x0000-0x0cf7 window]
[   11.082566] pci_bus 0000:00: root bus resource [io  0x0d00-0xffff window]
[   11.175226] pci_bus 0000:00: root bus resource [mem 0x000a0000-0x000bffff window]
[   11.396862] pci_bus 0000:00: root bus resource [mem 0x40000000-0xfdffffff window]
[   11.551425] pci_bus 0000:00: root bus resource [bus 00-ff]
[   11.597868] pci 0000:00:01.1: legacy IDE quirk: reg 0x10: [io  0x01f0-0x01f7]
[   11.666370] pci 0000:00:01.1: legacy IDE quirk: reg 0x14: [io  0x03f6]
[   11.820119] pci 0000:00:01.1: legacy IDE quirk: reg 0x18: [io  0x0170-0x0177]
[   11.920351] pci 0000:00:01.1: legacy IDE quirk: reg 0x1c: [io  0x0376]
[   11.998282] pci 0000:00:07.0: quirk: [io  0x4000-0x403f] claimed by PIIX4 ACPI
[   12.075769] pci 0000:00:07.0: quirk: [io  0x4100-0x410f] claimed by PIIX4 SMB
[   12.148070] ACPI: PCI Interrupt Link [LNKA] (IRQs 5 9 10 *11)
[   12.154715] ACPI: PCI Interrupt Link [LNKB] (IRQs 5 9 *10 11)
[   12.155922] ACPI: PCI Interrupt Link [LNKC] (IRQs 5 *9 10 11)
[   12.178346] ACPI: PCI Interrupt Link [LNKD] (IRQs 5 9 10 *11)
[   12.182249] ACPI: Enabled 2 GPEs in block 00 to 07
[   12.216492] vgaarb: setting as boot device: PCI:0000:00:02.0
[   12.242844] vgaarb: device added: PCI:0000:00:02.0,decodes=io+mem,owns=io+mem,locks=none
[   12.291838] vgaarb: loaded
[   12.292299] vgaarb: bridge control possible 0000:00:02.0
[   12.293227] SCSI subsystem initialized
[   12.395286] ACPI: bus type USB registered
[   12.451331] usbcore: registered new interface driver usbfs
[   12.452173] usbcore: registered new interface driver hub
[   12.453003] usbcore: registered new device driver usb
[   12.455153] PCI: Using ACPI for IRQ routing
[   12.456063] NetLabel: Initializing
[   12.462146] NetLabel:  domain hash size = 128
[   12.576014] NetLabel:  protocols = UNLABELED CIPSOv4
[   12.724694] NetLabel:  unlabeled traffic allowed by default
[   12.725510] amd_nb: Cannot enumerate AMD northbridges
[   12.726216] clocksource: Switched to clocksource kvm-clock
[   12.732153] AppArmor: AppArmor Filesystem Enabled
  12.898003] pnp: PnP ACPI init[ 128199 p: P PI fnd dic
  3.48] ocoue:cppm mask: 0xffffff max_cycles: 0xffffff, max_idle_ns: 2085701024 ns
  4.505]ETRestedrocofaly
[   14.544573] TCP established hash table entries:8192 (order: 4, 65536 bytes)
[   14.775439] TCP bind hash table entries: 8192 (order: 5, 131072 bytes)
[ 14.77640] P:astaesongud stlihe 892in812)
[  1.433438] UDP shab etrs:12orr:, 16384 yt)  5.98] P-teastale entie 5 (orr:2,1684yts)
[  16.587258] NET: Registered protocol family 1
[   16.608533] pci 0000:00:00.0: Limiting direct PCI/PCI transfers
[   16.609422] pci 0000:00:01.0: Activating ISA DMA hang workarounds
[   16.610431] Unpacking initramfs...

[   16.794100] Freeing initrd memory: 15368K
[   16.864027] platform rtc_cmos: registered platform RTC device (no PNP device found)
[   16.865281] Scanning for low memory corruption every 60 seconds
[   16.866639] audit: initializing netlink subsys (disabled)
[   16.873634] audit: type=2000 audit(1535207335.984:1): initialized
[   16.874729] Initialise system trusted keyring
[   16.875588] HugeTLB registered 2 MB page size, pre-allocated 0 pages
[   16.877718] zbud: loaded
[   16.878579] VFS: Disk quotas dquot_6.6.0
[   16.879256] VFS: Dquot-cache hash table entries: 512 (order 0, 4096 bytes)
[   16.880424] squashfs: version 4.0 (2009/01/31) Phillip Lougher
[   16.884519] fuse init (API version 7.23)
[   16.885389] Key type big_key registered
[   16.886046] Allocating IMA MOK and blacklist keyrings.
[   16.887901] Key type asymmetric registered
[   16.888572] Asymmetric key parser 'x509' registered
[   16.889350] Block layer SCSI generic (bsg) driver version 0.4 loaded (major 249)
[   16.890601] io scheduler noop registered
[   16.891243] io scheduler deadline registered (default)
[   16.892043] io scheduler cfq registered
[   16.892765] pci_hotplug: PCI Hot Plug PCI Core version: 0.5
[   16.893612] pciehp: PCI Express Hot Plug Controller Driver version: 0.4
[   16.894689] ACPI: AC Adapter [AC] (off-line)
[   16.895434] input: Power Button as /devices/LNXSYSTM:00/LNXPWRBN:00/input/input0
[   16.896652] ACPI: Power Button [PWRF]
[   16.897319] input: Sleep Button as /devices/LNXSYSTM:00/LNXSLPBN:00/input/input1
[   16.898527] ACPI: Sleep Button [SLPF]
[   16.899771] ACPI: Battery Slot [BAT0] (battery present)
[   16.904194] GHES: HEST is not enabled!
[   16.908423] Serial: 8250/16550 driver, 32 ports, IRQ sharing enabled
[   16.932575] 00:02: ttyS0 at I/O 0x3f8 (irq = 4, base_baud = 115200) is a 16550A
[   16.938152] Linux agpgart interface v0.103
[   16.940740] loop: module loaded
[   16.954409] scsi host0: ata_piix
[   17.105161] scsi host1: ata_piix
[   17.124077] ata1: PATA max UDMA/33 cmd 0x1f0 ctl 0x3f6 bmdma 0xd000 irq 14
[   17.224001] ata2: PATA max UDMA/33 cmd 0x170 ctl 0x376 bmdma 0xd008 irq 15
[   17.224976] libphy: Fixed MDIO Bus: probed
[   17.227813] tun: Universal TUN/TAP device driver, 1.6
[   17.232570] tun: (C) 1999-2004 Max Krasnyansky <maxk@qualcomm.com>
[   17.233631] PPP generic driver version 2.4.2
[   17.234488] ehci_hcd: USB 2.0 'Enhanced' Host Controller (EHCI) Driver
[   17.235433] ehci-pci: EHCI PCI platform driver
[   17.236148] ehci-platform: EHCI generic platform driver
[   17.236966] ohci_hcd: USB 1.1 'Open' Host Controller (OHCI) Driver
[   17.237873] ohci-pci: OHCI PCI platform driver
[   17.303693] ohci-platform: OHCI geneiic platform driver
[   17.483834] uhci_hcd: USB Universal Host Controller Interface driver
[   17.484743] i8042: PNP: PS/2 Controller [PNP0303:PS2K,PNP0f03:PS2M] at 0x60,0x64 irq 1,12
[   17.488398] serio: i8042 KBD port at 0x60,0x64 irq 1
[   17.489062] serio: i8042 AUX port at 0x6000x64 irq 12
[ 17839]oude: PS/2 mouse device common for all mice
[ 176264] tsc: Refined TSC clocksource calibration: 2904.135 MHz
[   17.862366] clocksource: tsc: mask: 0xffffffffffffffff max_cycles: 0x29dc84f44e3, max_idle_ns: 440795217573 ns
[   18.354569] input: AT Translated Set 2 keyboard as /devices/platform/i8042/serio0/input/input2
[   18.358478] rtc_cmos rtc_cmos: rtc core: registered rtc_cmos as rtc0
[   18.358533] rtc_cmos rtc_cmos: alarms up to one day, 114 bytes nvram
[   18.358540] i2c /dev entries driver
[   18.358595] device-mapper: uevent: version 1.0.3
[   18.358648] device-mapper: ioctl: 4.34.0-ioctl (2015-10-28) initialised: dm-devel@redhat.com
[   18.358667] ledtrig-cpu: registered to indicate activity on CPUs
[   18.358938] NET: Registered protocol family 10
[   18.359078] NET: Registered protocol family 17
[   18.359089] Key type dns_resolver registered
[   18.359303] registered taskstats version 1
[   18.359315] Loading compiled-in X.509 certificates
[   18.359904] Loaded X.509 cert 'Build time autogenerated kernel key: 4eb3d024ac16f76c1747ffd474694c84db21038b'
[   18.359919] zswap: loaded using pool lzo/zbud
[   18.361328] Key type trusted registered
[   18.364300] Key type encrypted registered
[   18.364310] AppArmor: AppArmor sha1 policy hashing enabled
[   18.364313] ima: No TPM chip found, activating TPM-bypass!
[   18.364322] ima: Allocated hash algorithm: sha1
[   18.364339] evm: HMAC attrs: 0x1
[   18.364633]   Magic number: 14:302:486
[   18.696671] rtc_cmos rtc_cmos: setting system clock to 2018-08-25 14:29:05 UTC (1535207345)
[   18.696784] BIOS EDD facility v0.16 2004-Jun-25, 0 devices found
[   18.696785] EDD information not available.
[   19.060457] Freeing unused kernel memory: 1516K
[   19.142844] Write protecting the kernel read-only data: 14336k
[   19.154629] Freeing unused kernel memory: 1672K
[   19.161793] Freeing unused kernel memory: 92K
Loading, please [   19.171625] random: systemd-udevd: uninitialized urandom read (16 bytes read, 5 bits of entropy available)
wait...
startin[   19.172204] random: udevadm: uninitialized urandom read (16 bytes read, 5 bits of entropy available)
g version 229
[   19.172223] random: udevadm: uninitialized urandom read (16 bytes read, 5 bits of entropy available)
[   19.183524] random: udevadm: uninitialized urandom read (16 bytes read, 5 bits of entropy available)
[   19.183567] random: udevadm: uninitialized urandom read (16 bytes read, 5 bits of entropy available)
[   19.183693] random: udevadm: uninitialized urandom read (16 bytes read, 5 bits of entropy available)
[   19.183741] random: udevadm: uninitialized urandom read (16 bytes read, 5 bits of entropy available)
[   19.183786] random: udevadm: uninitialized urandom read (16 bytes read, 5 bits of entropy available)
[   19.183831] random: udevadm: uninitialized urandom read (16 bytes read, 5 bits of entropy available)
[   19.183874] random: udevadm: uninitialized urandom read (16 bytes read, 5 bits of entropy available)
[   20.228084] Fusion MPT base driver 3.04.20
[   20.235338] Copyright (c) 1999-2008 LSI Corporation
[   20.237809] e1000: Intel(R) PRO/1000 Network Driver - version 7.3.21-k8-NAPI
[   20.253753] e1000: Copyright (c) 1999-2006 Intel Corporation.
[   20.275340] Fusion MPT SPI Host driver 3.04.20
[   20.289620] AVX2 version of gcm_enc/dec engaged.
[   20.315172] AES CTR mode by8 optimization enabled
[   20.468259] input: ImExPS/2 Generic Explorer Mouse as /devices/platform/i8042/serio1/input/input4
[   20.621968] e1000 0000:00:03.0 eth0: (PCI:33MHz:32-bit) 02:54:ad:ea:60:2e
[   20.671661] e1000 0000:00:03.0 eth0: Intel(R) PRO/1000 Network Connection
[   21.093949] e1000 0000:00:08.0 eth1: (PCI:33MHz:32-bit) 08:00:27:9d:33:c6
[   21.214326] e1000 0000:00:08.0 eth1: Intel(R) PRO/1000 Network Connection
[   21.237243] e1000 0000:00:08.0 enp0s8: renamed from eth1
[   21.254771] mptbase: ioc0: Initiating bringup
[   21.314427] e1000 0000:00:03.0 enp0s3: renamed from eth0
[   21.378757] ioc0: LSI53C1030 A0: Capabilities={Initiator}
[   21.642286] scsi host2: ioc0: LSI53C1030 A0, FwRev=00000000h, Ports=1, MaxQ=256, IRQ=20
[   21.883506] scsi 2:0:0:0: Direct-Access     VBOX     HARDDISK         1.0  PQ: 0 ANSI: 5
[   21.933180] scsi target2:0:0: Beginning Domain Validation
[   22.025379] scsi target2:0:0: Domain Validation skipping write tests
[   22.033687] scsi target2:0:0: Ending Domain Validation
[   22.034580] scsi target2:0:0: asynchronous
[   22.036054] scsi 2:0:1:0: Direct-Access     VBOX     HARDDISK         1.0  PQ: 0 ANSI: 5
[   22.041186] scsi target2:0:1: Beginning Domain Validation
[   22.050979] scsi target2:0:1: Domain Validation skipping write tests
[   22.054211] scsi target2:0:1: Ending Domain Validation
[   22.055091] scsi target2:0:1: asynchronous
[   22.059707] sd 2:0:0:0: [sda] 20971520 512-byte logical blocks: (10.7 GB/10.0 GiB)
[   22.064441] sd 2:0:0:0: Attached scsi generic sg0 type 0
[   22.071824] sd 2:0:0:0: [sda] Write Protect is off
[   22.072631] sd 2:0:0:0: [sda] Incomplete mode parameter data
[   22.073397] sd 2:0:0:0: [sda] Assuming drive cache: write through
[   22.074454] sd 2:0:1:0: Attached scsi generic sg1 type 0
[   22.074829] sd 2:0:1:0: [sdb] 20480 512-byte logical blocks: (10.5 MB/10.0 MiB)
[   22.074910] sd 2:0:1:0: [sdb] Write Protect is off
[   22.074965] sd 2:0:1:0: [sdb] Incomplete mode parameter data
[   22.074966] sd 2:0:1:0: [sdb] Assuming drive cache: write through
[   22.294650]  sda: sda1
[   22.295211] sd 2:0:0:0: [sda] Attached SCSI disk
[   22.295918] sd 2:0:1:0: [sdb] Attached SCSI disk
Begin: Loading e[   23.940213] md: linear personality registered for level -1
ssential drivers ... [   24.106287] md: multipath personality registered for level -4
[   24.126580] md: raid0 personality registered for level 0
[   24.241279] md: raid1 personality registered for level 1
[   24.398243] raid6: sse2x1   gen() 11919 MB/s
[   24.562287] raid6: sse2x1   xor()  8907 MB/s
[   24.730300] raid6: sse2x2   gen() 14174 MB/s
[   24.818240] raid6: sse2x2   xor()  9658 MB/s
[   24.974240] raid6: sse2x4   gen() 14873 MB/s
[   25.106274] raid6: sse2x4   xor() 11283 MB/s
[   25.178250] raid6: avx2x1   gen() 23989 MB/s
[   25.250243] raid6: avx2x2   gen() 25926 MB/s
[   25.398250] raid6: avx2x4   gen() 29770 MB/s
[   25.447703] raid6: using algorithm avx2x4 gen() 29770 MB/s
[   25.448531] raid6: using avx2x2 recovery algorithm
[   25.450398] xor: automatically using best checksumming function:
[   25.547332]    avx       : 43389.000 MB/sec
[   25.565138] async_tx: api initialized (async)
[   25.663464] md: raid6 personality registered for level 6
[   25.704015] md: raid5 personality registered for level 5
[   25.704825] md: raid4 personality registered for level 4
[   25.710488] md: raid10 personality registered for level 10
done.
Begin: Running[   25.746349] Btrfs loaded
 /scripts/init-premount ... done.
Begin: Mounting root file system ... Begin: Running /scripts/local-top ... done.
Begin: Running /scripts/local-premount ... Scanning for Btrfs filesystems
done.
[   25.936872] EXT4-fs (sda1): INFO: recovery required on readonly filesystem
Warning: fsck not present, so sk[   26.044021] EXT4-fs (sda1): write access will be enabled during recovery
ipping root file system
[   26.161448] EXT4-fs (sda1): recovery complete
[   26.167540] EXT4-fs (sda1): mounted filesystem with ordered data mode. Opts: (null)
done.
Begin: Running /scripts/local-bottom ... done.
Begin: Running /scripts/init-bottom ... done.
[   26.279280] systemd[1]: systemd 229 running in system mode. (+PAM +AUDIT +SELINUX +IMA +APPARMOR +SMACK +SYSVINIT +UTMP +LIBCRYPTSETUP +GCRYPT +GNUTLS +ACL +XZ -LZ4 +SECCOMP +BLKID +ELFUTILS +KMOD -IDN)
[   26.464381] systemd[1]: Detected virtualization oracle.
[   26.525167] systemd[1]: Detected architecture x86-64.

Welcome to [1mUbuntu 16.04.5 LTS[0m!

[   26.539271] systemd[1]: Set hostname to <ubuntu-xenial>.
[   26.667011] systemd[1]: Reached target Swap.
[[0;32m  OK  [0m] Reached target Swap.
[   26.808012] systemd[1]: Listening on Journal Audit Socket.
[[0;32m  OK  [0m] Listening on Journal Audit Socket.
[   26.889660] systemd[1]: Started Trigger resolvconf update for networkd DNS.
[[0;32m  OK  [0m] Started Trigger resolvconf update for networkd DNS.
[   26.919724] systemd[1]: Reached target System Time Synchronized.
[[0;32m  OK  [0m] Reached target System Time Synchronized.
[   26.921375] systemd[1]: Set up automount Arbitrary Executable File Formats File System Automount Point.
[[0;32m  OK  [0m] Set up automount Arbitrary Executab...ats File System Automount Point.
[   26.923578] systemd[1]: Reached target User and Group Name Lookups.
[[0;32m  OK  [0m] Reached target User and Group Name Lookups.
[   26.938685] systemd[1]: Listening on Syslog Socket.
[[0;32m  OK  [0m] Listening on Syslog Socket.
[   26.998040] systemd[1]: Listening on Device-mapper event daemon FIFOs.
[[0;32m  OK  [0m] Listening on Device-mapper event daemon FIFOs.
[   27.106028] systemd[1]: Listening on udev Control Socket.
[[0;32m  OK  [0m] Listening on udev Control Socket.
[   27.330495] systemd[1]: Listening on Journal Socket (/dev/log).
[[0;32m  OK  [0m] Listening on Journal Socket (/dev/log).
[   774400964] systemd[1]: Started Forward Password Requests to Wall Directory Watch.
[[0;32m  OK  [0m] Started Forward Password Requests to Wall Directory Watch.
[   27.542895] systemd[1]: Reached target Encrypted Volumes.
[[0;32m  OK  [0m] Reached target Encrypted Volumes.
[   27.655724] systemd[1]: Listening on /dev/initctl Compatibility Named Pipe.
[[0;32m  OK  [0m] Listening on /dev/initctl Compatibility Named Pipe.
[   27.670665] systemd[1]: Listening on LVM2 poll daemon socket.
[[0;32m  OK  [0m] Listening on LVM2 poll daemon socket.
[   27.738481] systemd[1]: Listening on Journal Socket.
[[0;32m  OK  [0m] Listening on Journal Socket.
[   27.934709] systemd[1]: Listening on LVM2 metadata daemon socket.
[[0;32m  OK  [0m] Listening on LVM2 metadata daemon socket.
[   28.114734] systemd[1]: Created slice User and Session Slice.
[[0;32m  OK  [0m] Created slice User and Session Slice.
[   28.167089] systemd[1]: Listening on udev Kernel Socket.
[[0;32m  OK  [0m] Listening on udev Kernel Socket.
[   28.174911] systemd[1]: Created slice System Slice.
[[0;32m  OK  [0m] Created slice System Slice.
[   28.176241] systemd[1]: Reached target Slices.
[[0;32m  OK  [0m] Reached target Slices.
[   28.177784] random: nonblocking pool is initialized
[   28.514677] systemd[1]: Mounting Huge Pages File System...
         Mounting Huge Pages File System...
[   28.610521] systemd[1]: Starting Create list of required static device nodes for the current kernel...
         Starting Create list of required st... nodes for the current kernel...
[   28.782719] systemd[1]: Starting Load Kernel Modules...
[   28.799776] Loading iSCSI transport class v2.0-870.
         Starting Load Kernel Modules...
[   28.968944] systemd[1]: Mounting Debug File System...
[   28.974024] iscsi: registered transport (tcp)
         Mounting Debug File System...
[   29.100307] systemd[1]: Starting Set console keymap...
         [   29.139069] iscsi: registered transport (iser)
Starting Set console keymap...
[   29.218658] systemd[1]: Created slice system-serial\x2dgetty.slice.
[[0;32m  OK  [0m] Created slice system-serial\x2dgetty.slice.
[   29.387021] systemd[1]: Mounting POSIX Message Queue File System...
         Mounting POSIX Message Queue File System...
[   29.479036] systemd[1]: Starting Uncomplicated firewall...
         Starting Uncomplicated firewall...
[   29.503448] systemd[1]: Starting Nameserver information manager...
         Starting Nameserver information manager...
[   29.518070] yyttmmd[1]: Starting Journal Service...
         Starting Journal Service...
[   29.711191] systemd[1]: Starting Monitoring of LVM2 mirrors, snapshots etc. using dmeventd or progress polling...
         Starting Monitoring of LVM2 mirrors... dmeventd or progress polling...
[   29.811133  systemd[1]: Starting Remount Root and Kernel File Systems...
[   29.822292] EXT4-fs (sda1): re-mounted. Opts: (null)
         Starting Remount Root and Kernel File Systems...
[   30.278523] systemd[1]: Mounted Debug File System.
[[0;32m  OK  [0m] Mounted Debug File System.
[   30.430368] systemd[1]: Mounted POSIX Message Queue File System.
[[0;32m  OK  [0m] Mounted POSIX Message Queue File System.
[   30.602416] systemd[1]: Mounted Huge Pages File System.
[[0;32m  OK  [0m] Mounted Huge Pages File System.
[   30.631013] systemd[1]: Started Journal Service.
[[0;32m  OK  [0m] Started Journal Service.
[[0;32m  OK  [0m] Started Create list of required sta...ce nodes for the current kernel.
[[0;32m  OK  [0m] Started Load Kernel Modules.
[[0;32m  OK  [0m] Started Set console keymap.
[[0;32m  OK  [0m] Started Uncomplicated firewall.
[[0;32m  OK  [0m] Started Remount Root and Kernel File Systems.
[[0;32m  OK  [0m] Started Nameserver information manager.
[[0;32m  OK  [0m] Started LVM2 metadata daemon.
         Starting udev Coldplug all Devices...
         Starting Load/Save Random Seed...
         Mounting FUSE Control File System...
         Starting Apply Kernel Variables...
         Starting Create Static Device Nodes in /dev...
         Starting Flush Journal to Persistent Storage...
[[0;32m  OK  [0m] Mounted FUSE Control File System.
[[0;32m  OK  [0m] Started Monitoring of LVM2 mirrors,...ng dmeventd or progress polling.
[[0;32m  OK  [0m] Started Load/Save Random Seed.
[[0;32m  OK  [0m] Started Apply Kernel Variables.
[[0;32m  OK  [0m] Started Create Static Device Nodes in /dev.
[[0;32m  OK  [0m] Started udev Coldplug all Devices.
[[0;32m  OK  [0m] Started Flush Journal to Persistent Storage.
         Starting udev Kernel Device Manager...
[[0;32m  OK  [0m] Started udev Kernel Device Manager.
[[[0;32m  OK  [0m] Started Dispatch Password Requests to Console Directory Watch.
[[0;32m  OK  [0m] Reached target Local File Systems (Pre).
[[0;32m  OK  [0m] Reached target Local File Systems.
         Starting Initial cloud-init job (pre-networking)...
         Starting LSB: AppArmor initialization...
         Starting Tell Plymouth To Write Out Runtime Data...
         Starting Set console font and keymap...
         Starting Create Volatile Files and Directories...
[   19.960169] cloud-init[490]: Cloud-init v. 18.3-9-g2e62cb8a-0ubuntu1~16.04.2 running 'init-local' at Sat, 25 Aug 2018 14:29:19 +0000. Up 19.70 seconds.
[[0;32m  OK  [0m] Started Tell Plymouth To Write Out Runtime Data.
[[0;32m  OK  [0m] Started Create Volatile Files and Directories.
[[0;32m  OK  [0m] Started Set console font and keymap.
[[0;32m  OK  [0m] Started Initial cloud-init job (pre-networking).
[[0;32m  OK  [0m] Found device /dev/ttyS0.
[[0;32m  OK  [0m] Listening on Load/Save RF Kill Switch Status /dev/rfkill Watch.
[[0;32m  OK  [0m] Reached target Network (Pre).
[[0;32m  OK  [0m] Created slice system-getty.slice.
         Starting Update UTMP about System Boot/Shutdown...
[[0;32m  OK  [0m] Started LSB: AppArmor initialization.
[[0;32m  OK  [0m] Started Update UTMP about System Boot/Shutdown.
         Starting Raise network interfaces...
[[0;32m  OK  [0m] Started ifup for enp0s8.
[[0;32m  OK  [0m] Started ifup for enp0s3.
[[0;32m  OK  [0m] Started Raise network interfaces.
[[0;32m  OK  [0m] Reached target Network.
         Starting Initial cloud-init job (metadata service crawler)...
[   21.045858] cloud-init[1303]: Cloud-init v. 18.3-9-g2e62cb8a-0ubuntu1~16.04.2 running 'init' at Sat, 25 Aug 2018 14:29:20 +0000. Up 20.80 seconds.
[   21.072366] cloud-init[1303]: ci-info: ++++++++++++++++++++++++++++++++++++++Net device info+++++++++++++++++++++++++++++++++++++++
[   21.118362] cloud-init[1303]: ci-info: +--------+------+-----------------------------+---------------+--------+-------------------+
[   21.118950] cloud-init[1303]: ci-info: | Device |  Up  |           Address           |      Mask     | Scope  |     Hw-Address    |
[[0;32m  OK  [0m] Started Initial cloud-init job (metadata service crawler).
[   21.119214] cloud-init[1303]: ci-info: +--------+------+-----------------------------+---------------+--------+-------------------+
[   21.293547] cloud-init[1303]: ci-info: | enp0s3 | True |          10.0.2.15          | 255.255.255.0 | global | 02:54:ad:ea:60:2e |
[   21.293712] cloud-init[1303]: ci-info: | enp0s3 | True |  fe80::54:adff:feea:602e/64 |       .       |  link  | 02:54:ad:ea:60:2e |
[[0;32m  OK  [0m] Reached target Network is Online.
[   21.293827] cloud-init[1303]: ci-info: | enp0s8 | True |        192.168.33.12        | 255.255.255.0 | global | 08:00:27:9d:33:c6 |
[   21.302029] cloud-init[1303]: ci-info: | enp0s8 | True | fe80::a00:27ff:fe9d:33c6/64 |       .       |  link  | 08:00:27:9d:33:c6 |
[   21.304528] cloud-init[1303]: ci-info: |   lo   | True |          127.0.0.1          |   255.0.0.0   |  host  |         .         |
[   21.306966] cloud-init[1303]: ci-info: |   lo   | True |           ::1/128           |       .       |  host  |         .         |
[   21.341504] cloud-init[1303]: ci-info: +--------+------+-----------------------------+---------------+--------+-------------------+
[   21.341744] cloud-init[1303]: ci-info: ++++++++++++++++++++++++++++Route IPv4 info++++++++++++++++++++++++++++
         Starting iSCSI initiator daemon (iscsid)...
[[   21.341895] cloud-init[1303]: ci-info: +-------+--------------+----------+---------------+-----------+-------+
[   21.348744] cloud-init[1303]: ci-info: | Route | Destination  | Gateway  |    Genmask    | Interface | Flags |
[   21.348921] cloud-init[1303]: ci-info: +-------+--------------+----------+---------------+-----------+-------+
[   21.349129] cloud-init[1303]: ci-info: |   0   |   0.0.0.0    | 10.0.2.2 |    0.0.0.0    |   enp0s3  |   UG  |
[   21.349329] cloud-init[1303]: ci-info: |   1   |   10.0.2.0   | 0.0.0.0  | 255.255.255.0 |   enp0s3  |   U   |
[   21.349533] cloud-init[1303]: ci-info: |   2   | 192.168.33.0 | 0.0.0.0  | 255.255.255.0 |   enp0s8  |   U   |
[   21.349739] cloud-init[1303]: ci-info: +-------+--------------+----------+---------------+-----------+-------+
[   21.349945] cloud-init[1303]: ci-info: +++++++++++++++++++Route IPv6 info+++++++++++++++++++
[   21.350165] cloud-init[1303]: ci-info: +-------+-------------+---------+-----------+-------+
[   21.350636] cloud-init[1303]: ci-info: | Route | Destination | Gateway | Interface | Flags |
[0;32m  OK  [0m] Reached target Cloud-config availability.
[[   21.350774] cloud-init[1303]: ci-info: +-------+-------------+---------+-----------+-------+
[   21.734115] cloud-init[1303]: ci-info: |   0   |  fe80::/64  |    ::   |   enp0s8  |   U   |
[   21.734184] cloud-init[1303]: ci-info: |   1   |  fe80::/64  |    ::   |   enp0s3  |   U   |
[   21.734290] cloud-init[1303]: ci-info: |   4   |   ff00::/8  |    ::   |   enp0s8  |   U   |
[   21.734395] cloud-init[1303]: ci-info: |   5   |   ff00::/8  |    ::   |   enp0s3  |   U   |
[   21.734502] cloud-init[1303]: ci-info: +-------+-------------+---------+-----------+-------+
[0;32m  OK  [0m] Reached target System Initialization.
[[0;32m  OK  [0m] Started Daily Cleanup of Temporary Directories.
         Starting Docker Socket for the API.
[[0;32m  OK  [0m] Listening on D-Bus System Message Bus Socket.
         Starting LXD - unix socket.
[[0;32m  OK  [0m] Started ACPI Events Check.
[[0;32m  OK  [0m] Reached target Paths.
         Starting Socket activation for snappy daemon.
[[0;32m  OK  [0m] Started Daily apt download activities.
[[0;32m  OK  [0m] Started Daily apt upgrade and clean activities.
[[0;32m  OK  [0m] Reached target Timers.
[[0;32m  OK  [0m] Listening on UUID daemon activation socket.
[[0;32m  OK  [0m] Listening on ACPID Listen Socket.
[[0;32m  OK  [0m] Listening on Docker Socket for the API.
[[0;32m  OK  [0m] Listening on LXD - unix socket.
[[0;32m  OK  [0m] Listening on Socket activation for snappy daemon.
[[0;32m  OK  [0m] Started iSCSI initiator daemon (iscsid).
         Starting Login to default iSCSI targets...
[[0;32m  OK  [0m] Reached target Sockets.
[[0;32m  OK  [0m] Reached target Basic System.
         Starting /etc/rc.local Compatibility...
         Starting Login Service...
         Starting LSB: MD monitoring daemon...
         Starting LXD - container startup/shutdown...
         Starting Ubuntu FAN network setup...
[[0;32m  OK  [0m] Started D-Bus System Message Bus.
         Starting LSB: Record successful boot for GRUB...
[[0;32m  OK  [0m] Started Unattended Upgrades Shutdown.
[[0;32m  OK  [0m] Started FUSE filesystem for LXC.
[[0;32m  OK  [0m] Started Regular background program processing daemon.
         Starting OpenBSD Secure Shell server...
[[0;32m  OK  [0m] Started ACPI event daemon.
         Starting Snappy daemon...
         Starting Accounts Service...
         Starting System Logging Service...
[[0;32m  OK  [0m] Started Deferred execution scheduler.
         Starting Virtualbox guest utils...
         Starting Docker Application Container Engine...
[[0;32m  OK  [0m] Started OpenBSD Secure Shell server.
[[0;32m  OK  [0m] Started System Logging Service.
[[0;32m  OK  [0m] Started /etc/rc.local Compatibility.
[[0;32m  OK  [0m] Started LXD - container startup/shutdown.
[[0;32m  OK  [0m] Started Ubuntu FAN network setup.
[[0;32m  OK  [0m] Started Snappy daemon.
[[0;32m  OK  [0m] Started Login to default iSCSI targets.
[[0;32m  OK  [0m] Started LSB: MD monitoring daemon.
[[0;32m  OK  [0m] Started LSB: Record successful boot for GRUB.
[[0;32m  OK  [0m] Started Login Service.
         Starting Authenticate and Authorize Users to Run Privileged Tasks...
[[0;32m  OK  [0m] Reached target Remote File Systems (Pre).
[[0;32m  OK  [0m] Reached target Remote File Systems.
         Starting LSB: Set up cgroupfs mounts....
         Starting Permit User Sessions...
         Starting LSB: daemon to balance interrupts for SMP systems...
         Starting LSB: Set the CPU Frequency Scaling governor to "ondemand"...
         Starting LSB: automatic crash report generation...
         Starting Wait until snapd is fully seeded...
[[0;32m  OK  [0m] Started Virtualbox guest utils.
[[0;32m  OK  [0m] Started LSB: Set up cgroupfs mounts..
[[0;32m  OK  [0m] Started Permit User Sessions.
[[0;32m  OK  [0m] Started Wait until snapd is fully seeded.
[[0;32m  OK  [0m] Started Authenticate and Authorize Users to Run Privileged Tasks.
[[0;32m  OK  [0m] Started Accounts Service.
[[0;32m  OK  [0m] Started LSB: Set the CPU Frequency Scaling governor to "ondemand".
[[0;32m  OK  [0m] Started LSB: daemon to balance interrupts for SMP systems.
[[0;32m  OK  [0m] Created slice User Slice of vagrant.
         Starting User Manager for UID 1000...
[[0;32m  OK  [0m] Started Session 1 of user vagrant.
         Starting Apply the settings specified in cloud-config...
         Starting Hold until boot process finishes up...
         Starting Terminate Plymouth Boot Screen...
[[0;32m  OK  [0m] Started User Manager for UID 1000.
[[0;32m  OK  [0m] Started LSB: automatic crash report generation.
[[0;32m  OK  [0m] Started Hold until boot process finishes up.
[[0;32m  OK  [0m] Started Terminate Plymouth Boot Screen.
[[0;32m  OK  [0m] Started Serial Getty on ttyS0.
[   24.142499] cloud-init[1560]: Cloud-init v. 18.3-9-g2e62cb8a-0ubuntu1~16.04.2 running 'modules:config' at Sat, 25 Aug 2018 14:29:23 +0000. Up 24.03 seconds.
         Starting Set console scheme...
[[0;32m  OK  [0m] Started Getty on tty1.
[[0;32m  OK  [0m] Reached target Login Prompts.
[[0;32m  OK  [0m] Started Apply the settings specified in cloud-config.
[[0;32m  OK  [0m] Started Set console scheme.
[[0;32m  OK  [0m] Started Docker Application Container Engine.
[[0;32m  OK  [0m] Reached target Multi-User System.
         Starting Execute cloud user/final scripts...
[[0;32m  OK  [0m] Reached target Graphical Interface.
         Starting Update UTMP about System Runlevel Changes...
[[0;32m  OK  [0m] Started Update UTMP about System Runlevel Changes.
[   24.903018] cloud-init[1752]: Cloud-init v. 18.3-9-g2e62cb8a-0ubuntu1~16.04.2 running 'modules:final' at Sat, 25 Aug 2018 14:29:24 +0000. Up 24.72 seconds.
[   24.961158] [cloud-init[0;32m  OK  [0m[1752]: ] Cloud-init v. 18.3-9-g2e62cb8a-0ubuntu1~16.04.2 finished at Sat, 25 Aug 2018 14:29:24 +0000. Datasource DataSourceNoCloud [seed=/dev/sdb][dsmode=net].  Up 24.89 secondsStarted Execute cloud user/final scripts.

[[0;32m  OK  [0m] Reached target Cloud-init target.

Ubuntu 16.04.5 LTS ubuntu-xenial ttyS0

ubuntu-xenial login: 